<?xml version="1.0" encoding="UTF-8"?>
<testsuite xmlns:xsi="http://www.w3.org/2001/XMLSchema-instance" xsi:noNamespaceSchemaLocation="https://maven.apache.org/surefire/maven-surefire-plugin/xsd/surefire-test-report-3.0.xsd" version="3.0" name="com.toniferr.spring6_monolith.Spring6WebappApplicationTests" time="13.723" tests="1" errors="0" skipped="0" failures="0">
  <properties>
[...]
</properties>
  <testcase name="contextLoads" classname="com.toniferr.spring6_monolith.Spring6WebappApplicationTests" time="1.033">
    <system-out><![CDATA[16:52:57.806 [main] INFO org.springframework.test.context.support.AnnotationConfigContextLoaderUtils -- Could not detect default configuration classes for test class [com.toniferr.spring6_monolith.Spring6WebappApplicationTests]: Spring6WebappApplicationTests does not declare any static, non-private, non-final, nested classes annotated with @Configuration.
16:52:57.992 [main] INFO org.springframework.boot.test.context.SpringBootTestContextBootstrapper -- Found @SpringBootConfiguration com.toniferr.spring6_monolith.Spring6WebappApplication for test class com.toniferr.spring6_monolith.Spring6WebappApplicationTests
  .   ____          _            __ _ _
 /\\ / ___'_ __ _ _(_)_ __  __ _ \ \ \ \
( ( )\___ | '_ | '_| | '_ \/ _` | \ \ \ \
 \\/  ___)| |_)| | | | | || (_| |  ) ) ) )
  '  |____| .__|_| |_|_| |_\__, | / / / /
 =========|_|==============|___/=/_/_/_/

 :: Spring Boot ::                (v3.3.0)

2024-06-11T16:52:58.863+02:00  INFO 3303 --- [           main] c.t.s.Spring6WebappApplicationTests      : Starting Spring6WebappApplicationTests using Java 22.0.1 with PID 3303 (started by toniferr in /home/toniferr/Workspace/peeperSpring6-monolith)
2024-06-11T16:52:58.865+02:00  INFO 3303 --- [           main] c.t.s.Spring6WebappApplicationTests      : No active profile set, falling back to 1 default profile: "default"
2024-06-11T16:53:02.054+02:00  INFO 3303 --- [           main] .s.d.r.c.RepositoryConfigurationDelegate : Bootstrapping Spring Data JPA repositories in DEFAULT mode.
2024-06-11T16:53:02.234+02:00  INFO 3303 --- [           main] .s.d.r.c.RepositoryConfigurationDelegate : Finished Spring Data repository scanning in 143 ms. Found 3 JPA repository interfaces.
2024-06-11T16:53:03.720+02:00  INFO 3303 --- [           main] com.zaxxer.hikari.HikariDataSource       : HikariPool-1 - Starting...
2024-06-11T16:53:04.293+02:00  INFO 3303 --- [           main] com.zaxxer.hikari.pool.HikariPool        : HikariPool-1 - Added connection conn0: url=jdbc:h2:mem:1360e71f-20c8-4cd1-a203-363c5b7e9fa9 user=SA
2024-06-11T16:53:04.295+02:00  INFO 3303 --- [           main] com.zaxxer.hikari.HikariDataSource       : HikariPool-1 - Start completed.
2024-06-11T16:53:04.441+02:00  INFO 3303 --- [           main] o.hibernate.jpa.internal.util.LogHelper  : HHH000204: Processing PersistenceUnitInfo [name: default]
2024-06-11T16:53:04.735+02:00  INFO 3303 --- [           main] org.hibernate.Version                    : HHH000412: Hibernate ORM core version 6.5.2.Final
2024-06-11T16:53:04.869+02:00  INFO 3303 --- [           main] o.h.c.internal.RegionFactoryInitiator    : HHH000026: Second-level cache disabled
2024-06-11T16:53:05.471+02:00  INFO 3303 --- [           main] o.s.o.j.p.SpringPersistenceUnitInfo      : No LoadTimeWeaver setup: ignoring JPA class transformer
2024-06-11T16:53:07.060+02:00  INFO 3303 --- [           main] o.h.e.t.j.p.i.JtaPlatformInitiator       : HHH000489: No JTA platform available (set 'hibernate.transaction.jta.platform' to enable JTA platform integration)
2024-06-11T16:53:07.130+02:00  INFO 3303 --- [           main] j.LocalContainerEntityManagerFactoryBean : Initialized JPA EntityManagerFactory for persistence unit 'default'
2024-06-11T16:53:08.068+02:00  WARN 3303 --- [           main] JpaBaseConfiguration$JpaWebConfiguration : spring.jpa.open-in-view is enabled by default. Therefore, database queries may be performed during view rendering. Explicitly configure spring.jpa.open-in-view to disable this warning
2024-06-11T16:53:08.746+02:00  INFO 3303 --- [           main] o.s.b.a.h2.H2ConsoleAutoConfiguration    : H2 console available at '/h2-console'. Database available at 'jdbc:h2:mem:1360e71f-20c8-4cd1-a203-363c5b7e9fa9'
2024-06-11T16:53:08.855+02:00  INFO 3303 --- [           main] c.t.s.Spring6WebappApplicationTests      : Started Spring6WebappApplicationTests in 10.612 seconds (process running for 12.475)
In Bootstrap
Author Count: 2
Book Count: 2
Publisher Count: 1
]]></system-out>
    <system-err><![CDATA[WARNING: A Java agent has been loaded dynamically (/home/toniferr/.m2/repository/net/bytebuddy/byte-buddy-agent/1.14.16/byte-buddy-agent-1.14.16.jar)
WARNING: If a serviceability tool is in use, please run with -XX:+EnableDynamicAgentLoading to hide this warning
WARNING: If a serviceability tool is not in use, please run with -Djdk.instrument.traceUsage for more information
WARNING: Dynamic loading of agents will be disallowed by default in a future release
]]></system-err>
  </testcase>
</testsuite>